<?xml version="1.0" encoding="UTF-8"?>
<!-- Generated by org.testng.reporters.JUnitReportReporter -->
<testsuite skipped="0" hostname="girish-u" name="docker.parallelexecution2" tests="2" failures="0" timestamp="2021-01-21T18:37:32 IST" time="0.096" errors="0">
  <testcase name="test3" time="0.092" classname="docker.parallelexecution2"/>
  <system-out/>
  <testcase name="test4" time="0.004" classname="docker.parallelexecution2"/>
  <system-out/>
</testsuite> <!-- docker.parallelexecution2 -->
