<?xml version="1.0" encoding="UTF-8"?>
<!-- Generated by org.testng.reporters.JUnitReportReporter -->
<testsuite skipped="3" hostname="girish-u" name="docker.parallelexecution" tests="5" failures="1" timestamp="2021-01-21T18:37:32 IST" time="29.789" errors="0">
  <testcase name="test1" time="6.987" classname="docker.parallelexecution">
    <failure type="java.lang.AssertionError" message="expected [true] but found [false]">
      <![CDATA[java.lang.AssertionError: expected [true] but found [false]
at org.testng.Assert.fail(Assert.java:97)
at org.testng.Assert.failNotEquals(Assert.java:969)
at org.testng.Assert.assertTrue(Assert.java:43)
at org.testng.Assert.assertTrue(Assert.java:53)
at docker.parallelexecution.test1(parallelexecution.java:33)
at sun.reflect.NativeMethodAccessorImpl.invoke0(Native Method)
at sun.reflect.NativeMethodAccessorImpl.invoke(NativeMethodAccessorImpl.java:62)
at sun.reflect.DelegatingMethodAccessorImpl.invoke(DelegatingMethodAccessorImpl.java:43)
at java.lang.reflect.Method.invoke(Method.java:498)
at org.testng.internal.MethodInvocationHelper.invokeMethod(MethodInvocationHelper.java:134)
at org.testng.internal.TestInvoker.invokeMethod(TestInvoker.java:597)
at org.testng.internal.TestInvoker.retryFailed(TestInvoker.java:213)
at org.testng.internal.MethodRunner.runInSequence(MethodRunner.java:58)
at org.testng.internal.TestInvoker$MethodInvocationAgent.invoke(TestInvoker.java:816)
at org.testng.internal.TestInvoker.invokeTestMethods(TestInvoker.java:146)
at org.testng.internal.TestMethodWorker.invokeTestMethods(TestMethodWorker.java:146)
at org.testng.internal.TestMethodWorker.run(TestMethodWorker.java:128)
at java.util.concurrent.ThreadPoolExecutor.runWorker(ThreadPoolExecutor.java:1149)
at java.util.concurrent.ThreadPoolExecutor$Worker.run(ThreadPoolExecutor.java:624)
at java.lang.Thread.run(Thread.java:748)
]]>
    </failure>
  </testcase> <!-- test1 -->
  <system-out/>
  <testcase name="test1" time="8.920" classname="docker.parallelexecution">
    <skipped/>
  </testcase> <!-- test1 -->
  <system-out/>
  <testcase name="test2" time="0.006" classname="docker.parallelexecution"/>
  <system-out/>
  <testcase name="test1" time="7.014" classname="docker.parallelexecution">
    <skipped/>
  </testcase> <!-- test1 -->
  <system-out/>
  <testcase name="test1" time="6.862" classname="docker.parallelexecution">
    <skipped/>
  </testcase> <!-- test1 -->
  <system-out/>
</testsuite> <!-- docker.parallelexecution -->
