<?xml version="1.0" encoding="UTF-8"?>
<!-- Generated by org.testng.reporters.JUnitReportReporter -->
<testsuite hostname="girish-u" failures="1" tests="5" name="docker.parallelexecution" time="36.266" errors="0" timestamp="2021-01-21T17:22:23 IST" skipped="3">
  <testcase classname="docker.parallelexecution" name="test1" time="8.461">
    <failure message="expected [true] but found [false]" type="java.lang.AssertionError">
      <![CDATA[java.lang.AssertionError: expected [true] but found [false]
at org.testng.Assert.fail(Assert.java:99)
at org.testng.Assert.failNotEquals(Assert.java:1037)
at org.testng.Assert.assertTrue(Assert.java:45)
at org.testng.Assert.assertTrue(Assert.java:55)
at docker.parallelexecution.test1(parallelexecution.java:22)
at java.base/jdk.internal.reflect.NativeMethodAccessorImpl.invoke0(Native Method)
at java.base/jdk.internal.reflect.NativeMethodAccessorImpl.invoke(NativeMethodAccessorImpl.java:64)
at java.base/jdk.internal.reflect.DelegatingMethodAccessorImpl.invoke(DelegatingMethodAccessorImpl.java:43)
at java.base/java.lang.reflect.Method.invoke(Method.java:564)
at org.testng.internal.MethodInvocationHelper.invokeMethod(MethodInvocationHelper.java:132)
at org.testng.internal.TestInvoker.invokeMethod(TestInvoker.java:599)
at org.testng.internal.TestInvoker.retryFailed(TestInvoker.java:214)
at org.testng.internal.MethodRunner.runInSequence(MethodRunner.java:58)
at org.testng.internal.TestInvoker$MethodInvocationAgent.invoke(TestInvoker.java:822)
at org.testng.internal.TestInvoker.invokeTestMethods(TestInvoker.java:147)
at org.testng.internal.TestMethodWorker.invokeTestMethods(TestMethodWorker.java:146)
at org.testng.internal.TestMethodWorker.run(TestMethodWorker.java:128)
at java.base/java.util.concurrent.ThreadPoolExecutor.runWorker(ThreadPoolExecutor.java:1130)
at java.base/java.util.concurrent.ThreadPoolExecutor$Worker.run(ThreadPoolExecutor.java:630)
at java.base/java.lang.Thread.run(Thread.java:832)
]]>
    </failure>
  </testcase> <!-- test1 -->
  <system-out/>
  <testcase classname="docker.parallelexecution" name="test1" time="8.792">
    <skipped/>
  </testcase> <!-- test1 -->
  <system-out/>
  <testcase classname="docker.parallelexecution" name="test1" time="11.268">
    <skipped/>
  </testcase> <!-- test1 -->
  <system-out/>
  <testcase classname="docker.parallelexecution" name="test1" time="7.744">
    <skipped/>
  </testcase> <!-- test1 -->
  <system-out/>
  <testcase classname="docker.parallelexecution" name="test2" time="0.001"/>
  <system-out/>
</testsuite> <!-- docker.parallelexecution -->
