<?xml version="1.0" encoding="UTF-8"?>
<!-- Generated by org.testng.reporters.JUnitReportReporter -->
<testsuite hostname="girish-u" failures="0" tests="2" name="docker.parallelexecution2" time="0.011" errors="0" timestamp="2021-01-21T17:22:23 IST" skipped="0">
  <testcase classname="docker.parallelexecution2" name="test4" time="0.001"/>
  <system-out/>
  <testcase classname="docker.parallelexecution2" name="test3" time="0.010"/>
  <system-out/>
</testsuite> <!-- docker.parallelexecution2 -->
